<coda runtype = "ADCTDC" session = "Luter345">
   <run-start>
      <run-number>26</run-number>
      <start-time>11/12/24 11:30:14</start-time>
      <out-file>/home/coda/coda/data/test_26.evio.0</out-file>
      <components>
         <component name = "PEB1" type = "PEB">
            <evt-rate>1.2874185</evt-rate>
            <data-rate>0.31872406639004147</data-rate>
            <evt-number>139</evt-number>
            <min-evt-size>164</min-evt-size>
            <max-evt-size>260</max-evt-size>
            <average-evt-size>235</average-evt-size>
            <min-evt-build-time>0</min-evt-build-time>
            <max-evt-build-time>0</max-evt-build-time>
            <average-evt-build-time>0</average-evt-build-time>
            <chunk-x-et-buffer>45120</chunk-x-et-buffer>
            <out-file>/home/coda/coda/data/test_26.evio.0</out-file>
         </component>
         <component name = "ROC1" type = "ROC">
            <evt-rate>1.3181443</evt-rate>
            <data-rate>0.305578540227452</data-rate>
            <evt-number>138</evt-number>
            <min-evt-size>0</min-evt-size>
            <max-evt-size>0</max-evt-size>
            <average-evt-size>0</average-evt-size>
            <min-evt-build-time>0</min-evt-build-time>
            <max-evt-build-time>0</max-evt-build-time>
            <average-evt-build-time>0</average-evt-build-time>
            <chunk-x-et-buffer>0</chunk-x-et-buffer>
            <out-file></out-file>
         </component>
      </components>
      <update-time>11/12/24 11:32:04</update-time>
      <total-evt>139</total-evt>
   </run-start>
   <run-end>
      <end-time>11/12/24 11:32:04</end-time>
      <total-evt>139</total-evt>
      <components>
         <component name = "PEB1" type = "PEB">
            <evt-rate>1.2874185</evt-rate>
            <data-rate>0.31872406639004147</data-rate>
            <evt-number>139</evt-number>
            <min-evt-size>164</min-evt-size>
            <max-evt-size>260</max-evt-size>
            <average-evt-size>235</average-evt-size>
            <min-evt-build-time>0</min-evt-build-time>
            <max-evt-build-time>0</max-evt-build-time>
            <average-evt-build-time>0</average-evt-build-time>
            <chunk-x-et-buffer>45120</chunk-x-et-buffer>
            <out-file>/home/coda/coda/data/test_26.evio.0</out-file>
         </component>
         <component name = "ROC1" type = "ROC">
            <evt-rate>1.3181443</evt-rate>
            <data-rate>0.305578540227452</data-rate>
            <evt-number>138</evt-number>
            <min-evt-size>0</min-evt-size>
            <max-evt-size>0</max-evt-size>
            <average-evt-size>0</average-evt-size>
            <min-evt-build-time>0</min-evt-build-time>
            <max-evt-build-time>0</max-evt-build-time>
            <average-evt-build-time>0</average-evt-build-time>
            <chunk-x-et-buffer>0</chunk-x-et-buffer>
            <out-file></out-file>
         </component>
      </components>
   </run-end>
</coda>
